0 info it worked if it ends with ok
1 verbose cli [ 'node',
1 verbose cli   '/usr/local/bin/npm',
1 verbose cli   'install',
1 verbose cli   '--save',
1 verbose cli   'erorhandler' ]
2 info using npm@1.4.28
3 info using node@v0.10.36
4 verbose cache add [ 'erorhandler', null ]
5 verbose cache add name=undefined spec="erorhandler" args=["erorhandler",null]
6 verbose parsed url { protocol: null,
6 verbose parsed url   slashes: null,
6 verbose parsed url   auth: null,
6 verbose parsed url   host: null,
6 verbose parsed url   port: null,
6 verbose parsed url   hostname: null,
6 verbose parsed url   hash: null,
6 verbose parsed url   search: null,
6 verbose parsed url   query: null,
6 verbose parsed url   pathname: 'erorhandler',
6 verbose parsed url   path: 'erorhandler',
6 verbose parsed url   href: 'erorhandler' }
7 silly lockFile 256c5f70-erorhandler erorhandler
8 verbose lock erorhandler /Users/adm-wta/.npm/256c5f70-erorhandler.lock
9 silly lockFile 256c5f70-erorhandler erorhandler
10 silly lockFile 256c5f70-erorhandler erorhandler
11 verbose addNamed [ 'erorhandler', '' ]
12 verbose addNamed [ null, '*' ]
13 silly lockFile 92c3df82-erorhandler erorhandler@
14 verbose lock erorhandler@ /Users/adm-wta/.npm/92c3df82-erorhandler.lock
15 silly addNameRange { name: 'erorhandler', range: '*', hasData: false }
16 verbose request where is /erorhandler
17 verbose request registry https://registry.npmjs.org/
18 verbose request id a80de5bc02bc1cb2
19 verbose url raw /erorhandler
20 verbose url resolving [ 'https://registry.npmjs.org/', './erorhandler' ]
21 verbose url resolved https://registry.npmjs.org/erorhandler
22 verbose request where is https://registry.npmjs.org/erorhandler
23 info trying registry request attempt 1 at 16:34:35
24 http GET https://registry.npmjs.org/erorhandler
25 http 404 https://registry.npmjs.org/erorhandler
26 silly registry.get cb [ 404,
26 silly registry.get   { 'content-type': 'application/json',
26 silly registry.get     'cache-control': 'max-age=0',
26 silly registry.get     'content-length': '2',
26 silly registry.get     'accept-ranges': 'bytes',
26 silly registry.get     date: 'Mon, 02 Nov 2015 21:34:35 GMT',
26 silly registry.get     via: '1.1 varnish',
26 silly registry.get     age: '0',
26 silly registry.get     connection: 'keep-alive',
26 silly registry.get     'x-served-by': 'cache-atl6226-ATL',
26 silly registry.get     'x-cache': 'MISS',
26 silly registry.get     'x-cache-hits': '0',
26 silly registry.get     'x-timer': 'S1446500075.442520,VS0,VE106' } ]
27 silly lockFile 92c3df82-erorhandler erorhandler@
28 silly lockFile 92c3df82-erorhandler erorhandler@
29 error 404 Not Found
29 error 404
29 error 404 'erorhandler' is not in the npm registry.
29 error 404 You should bug the author to publish it
29 error 404
29 error 404 Note that you can also install from a
29 error 404 tarball, folder, or http url, or git url.
30 error System Darwin 14.3.0
31 error command "node" "/usr/local/bin/npm" "install" "--save" "erorhandler"
32 error cwd /Users/adm-wta/Documents/HANAMetrics
33 error node -v v0.10.36
34 error npm -v 1.4.28
35 error code E404
36 verbose exit [ 1, true ]
